mode: set
github.com/fadilahonespot/simple-api/server/handler/product_handler.go:19.78,21.2 1 1
github.com/fadilahonespot/simple-api/server/handler/product_handler.go:23.65,28.16 4 1
github.com/fadilahonespot/simple-api/server/handler/product_handler.go:28.16,32.3 3 1
github.com/fadilahonespot/simple-api/server/handler/product_handler.go:34.2,35.16 2 1
github.com/fadilahonespot/simple-api/server/handler/product_handler.go:35.16,39.3 3 1
github.com/fadilahonespot/simple-api/server/handler/product_handler.go:41.2,44.16 3 1
github.com/fadilahonespot/simple-api/server/handler/product_handler.go:44.16,46.3 1 1
github.com/fadilahonespot/simple-api/server/handler/product_handler.go:48.2,49.36 2 1
github.com/fadilahonespot/simple-api/server/handler/product_handler.go:52.69,57.16 4 1
github.com/fadilahonespot/simple-api/server/handler/product_handler.go:57.16,59.3 1 1
github.com/fadilahonespot/simple-api/server/handler/product_handler.go:61.2,62.36 2 1
github.com/fadilahonespot/simple-api/server/handler/product_handler.go:65.71,69.16 4 1
github.com/fadilahonespot/simple-api/server/handler/product_handler.go:69.16,71.3 1 1
github.com/fadilahonespot/simple-api/server/handler/product_handler.go:73.2,74.36 2 1
github.com/fadilahonespot/simple-api/server/handler/product_handler.go:77.68,83.16 5 1
github.com/fadilahonespot/simple-api/server/handler/product_handler.go:83.16,87.3 3 1
github.com/fadilahonespot/simple-api/server/handler/product_handler.go:89.2,90.16 2 1
github.com/fadilahonespot/simple-api/server/handler/product_handler.go:90.16,94.3 3 1
github.com/fadilahonespot/simple-api/server/handler/product_handler.go:96.2,99.16 3 1
github.com/fadilahonespot/simple-api/server/handler/product_handler.go:99.16,101.3 1 1
github.com/fadilahonespot/simple-api/server/handler/product_handler.go:103.2,104.36 2 1
github.com/fadilahonespot/simple-api/server/handler/product_handler.go:107.68,111.16 4 1
github.com/fadilahonespot/simple-api/server/handler/product_handler.go:111.16,113.3 1 1
github.com/fadilahonespot/simple-api/server/handler/product_handler.go:115.2,116.36 2 1
github.com/fadilahonespot/simple-api/usecase/product_usecase.go:28.84,30.2 1 1
github.com/fadilahonespot/simple-api/usecase/product_usecase.go:32.104,34.29 2 1
github.com/fadilahonespot/simple-api/usecase/product_usecase.go:34.29,38.3 3 1
github.com/fadilahonespot/simple-api/usecase/product_usecase.go:39.2,46.16 3 1
github.com/fadilahonespot/simple-api/usecase/product_usecase.go:46.16,50.3 3 1
github.com/fadilahonespot/simple-api/usecase/product_usecase.go:52.2,52.8 1 1
github.com/fadilahonespot/simple-api/usecase/product_usecase.go:55.153,57.16 2 1
github.com/fadilahonespot/simple-api/usecase/product_usecase.go:57.16,61.3 3 1
github.com/fadilahonespot/simple-api/usecase/product_usecase.go:63.2,63.33 1 1
github.com/fadilahonespot/simple-api/usecase/product_usecase.go:63.33,71.3 1 1
github.com/fadilahonespot/simple-api/usecase/product_usecase.go:73.2,73.8 1 1
github.com/fadilahonespot/simple-api/usecase/product_usecase.go:76.133,78.16 2 1
github.com/fadilahonespot/simple-api/usecase/product_usecase.go:78.16,82.3 3 1
github.com/fadilahonespot/simple-api/usecase/product_usecase.go:84.2,95.8 2 1
github.com/fadilahonespot/simple-api/usecase/product_usecase.go:98.122,100.16 2 1
github.com/fadilahonespot/simple-api/usecase/product_usecase.go:100.16,104.3 3 1
github.com/fadilahonespot/simple-api/usecase/product_usecase.go:106.2,106.54 1 1
github.com/fadilahonespot/simple-api/usecase/product_usecase.go:106.54,108.30 2 1
github.com/fadilahonespot/simple-api/usecase/product_usecase.go:108.30,112.4 3 1
github.com/fadilahonespot/simple-api/usecase/product_usecase.go:115.2,120.16 6 1
github.com/fadilahonespot/simple-api/usecase/product_usecase.go:120.16,124.3 3 1
github.com/fadilahonespot/simple-api/usecase/product_usecase.go:126.2,126.8 1 1
github.com/fadilahonespot/simple-api/usecase/product_usecase.go:129.98,131.16 2 1
github.com/fadilahonespot/simple-api/usecase/product_usecase.go:131.16,135.3 3 1
github.com/fadilahonespot/simple-api/usecase/product_usecase.go:137.2,138.16 2 1
github.com/fadilahonespot/simple-api/usecase/product_usecase.go:138.16,142.3 3 1
github.com/fadilahonespot/simple-api/usecase/product_usecase.go:144.2,144.8 1 1
